🚀 Inicializando Baileys WhatsApp...
🚀 Inicializando Baileys WhatsApp...
✅ Baileys inicializado (modo simulação)
node:events:497
      throw er; // Unhandled 'error' event
      ^

Error: listen EADDRINUSE: address already in use 127.0.0.1:5000
    at Server.setupListenHandle [as _listen2] (node:net:1898:16)
    at listenInCluster (node:net:1946:12)
    at GetAddrInfoReqWrap.doListen [as callback] (node:net:2116:7)
    at GetAddrInfoReqWrap.onlookup [as oncomplete] (node:dns:111:8)
Emitted 'error' event on Server instance at:
    at emitErrorNT (node:net:1925:8)
    at process.processTicksAndRejections (node:internal/process/task_queues:82:21) {
  code: 'EADDRINUSE',
  errno: -48,
  syscall: 'listen',
  address: '127.0.0.1',
  port: 5000
}

Node.js v20.13.0
